<?xml version="1.0" encoding="UTF-8"?>
<testng-results ignored="0" total="1" passed="1" failed="0" skipped="0">
  <reporter-output>
  </reporter-output>
  <suite started-at="2024-06-15T02:28:40Z" name="Default suite" finished-at="2024-06-15T02:29:21Z" duration-ms="41141">
    <groups>
    </groups>
    <test started-at="2024-06-15T02:28:40Z" name="Default test" finished-at="2024-06-15T02:29:21Z" duration-ms="41141">
      <class name="Task.Assement1">
        <test-method is-config="true" signature="Navigate_to_url()[pri:0, instance:Task.Assement1@3cdf2c61]" started-at="2024-06-15T02:28:40Z" name="Navigate_to_url" finished-at="2024-06-15T02:28:50Z" duration-ms="9292" status="PASS">
          <reporter-output>
          </reporter-output>
        </test-method> <!-- Navigate_to_url -->
        <test-method signature="Search_the_product()[pri:0, instance:Task.Assement1@3cdf2c61]" started-at="2024-06-15T02:28:50Z" name="Search_the_product" finished-at="2024-06-15T02:29:21Z" duration-ms="31730" status="PASS">
          <reporter-output>
          </reporter-output>
        </test-method> <!-- Search_the_product -->
      </class> <!-- Task.Assement1 -->
    </test> <!-- Default test -->
  </suite> <!-- Default suite -->
</testng-results>
